<?xml version="1.0" encoding="UTF-8"?>
<!-- Generated by org.testng.reporters.JUnitReportReporter -->
<testsuite hostname="DESKTOP-044PKM4" name="com.TestCases.SearchFlightsPageTest" tests="1" failures="0" timestamp="20 Nov 2020 05:40:14 GMT" time="0.017" errors="1">
  <testcase name="TC_ID_01_SearchClearTripFlight" time="0.017" classname="com.TestCases.SearchFlightsPageTest">
    <error type="java.lang.Error" message="Unresolved compilation problems: 
	xpathExpression cannot be resolved to a variable
	Syntax error, insert &quot;;&quot; to complete ClassBodyDeclarations
">
      <![CDATA[java.lang.Error: Unresolved compilation problems: 
	xpathExpression cannot be resolved to a variable
	Syntax error, insert ";" to complete ClassBodyDeclarations

	at com.pageFactory.SelectFlightPage.<init>(SelectFlightPage.java:16)
	at com.TestCases.SearchFlightsPageTest.initialiseWebEnvironment(SearchFlightsPageTest.java:24)
	at sun.reflect.NativeMethodAccessorImpl.invoke0(Native Method)
	at sun.reflect.NativeMethodAccessorImpl.invoke(NativeMethodAccessorImpl.java:62)
	at sun.reflect.DelegatingMethodAccessorImpl.invoke(DelegatingMethodAccessorImpl.java:43)
	at java.lang.reflect.Method.invoke(Method.java:498)
	at org.testng.internal.MethodInvocationHelper.invokeMethod(MethodInvocationHelper.java:86)
	at org.testng.internal.Invoker.invokeConfigurationMethod(Invoker.java:514)
	at org.testng.internal.Invoker.invokeConfigurations(Invoker.java:215)
	at org.testng.internal.Invoker.invokeConfigurations(Invoker.java:142)
	at org.testng.internal.TestMethodWorker.invokeBeforeClassMethods(TestMethodWorker.java:178)
	at org.testng.internal.TestMethodWorker.run(TestMethodWorker.java:108)
	at org.testng.TestRunner.privateRun(TestRunner.java:782)
	at org.testng.TestRunner.run(TestRunner.java:632)
	at org.testng.SuiteRunner.runTest(SuiteRunner.java:366)
	at org.testng.SuiteRunner.runSequentially(SuiteRunner.java:361)
	at org.testng.SuiteRunner.privateRun(SuiteRunner.java:319)
	at org.testng.SuiteRunner.run(SuiteRunner.java:268)
	at org.testng.SuiteRunnerWorker.runSuite(SuiteRunnerWorker.java:52)
	at org.testng.SuiteRunnerWorker.run(SuiteRunnerWorker.java:86)
	at org.testng.TestNG.runSuitesSequentially(TestNG.java:1244)
	at org.testng.TestNG.runSuitesLocally(TestNG.java:1169)
	at org.testng.TestNG.run(TestNG.java:1064)
	at org.testng.remote.AbstractRemoteTestNG.run(AbstractRemoteTestNG.java:114)
	at org.testng.remote.RemoteTestNG.initAndRun(RemoteTestNG.java:251)
	at org.testng.remote.RemoteTestNG.main(RemoteTestNG.java:77)
]]>
    </error>
  </testcase> <!-- TC_ID_01_SearchClearTripFlight -->
</testsuite> <!-- com.TestCases.SearchFlightsPageTest -->
