<?xml version="1.0" encoding="UTF-8"?>
<!-- Generated by org.testng.reporters.JUnitReportReporter -->
<testsuite hostname="DESKTOP-044PKM4" name="com.scripts.SearchFlightsPageTest" tests="1" failures="0" timestamp="20 Nov 2020 05:42:38 GMT" time="8.416" errors="0">
  <testcase name="TC_ID_01_SearchClearTripFlight" time="8.416" classname="com.scripts.SearchFlightsPageTest"/>
</testsuite> <!-- com.scripts.SearchFlightsPageTest -->
